[debug] [2020-03-27T16:08:26.751Z] ----------------------------------------------------------------------
[debug] [2020-03-27T16:08:26.753Z] Command:       /usr/local/Cellar/node/13.11.0/bin/node /usr/local/bin/firebase deploy
[debug] [2020-03-27T16:08:26.753Z] CLI Version:   7.16.1
[debug] [2020-03-27T16:08:26.753Z] Platform:      darwin
[debug] [2020-03-27T16:08:26.753Z] Node Version:  v13.11.0
[debug] [2020-03-27T16:08:26.754Z] Time:          Fri Mar 27 2020 17:08:26 GMT+0100 (Central European Standard Time)
[debug] [2020-03-27T16:08:26.754Z] ----------------------------------------------------------------------
[debug] [2020-03-27T16:08:26.754Z] 
[debug] [2020-03-27T16:08:26.759Z] > command requires scopes: ["email","openid","https://www.googleapis.com/auth/cloudplatformprojects.readonly","https://www.googleapis.com/auth/firebase","https://www.googleapis.com/auth/cloud-platform"]
[debug] [2020-03-27T16:08:26.760Z] > authorizing via signed-in user
[debug] [2020-03-27T16:08:26.760Z] [iam] checking project covid-53809 for permissions ["firebase.projects.get","firebasehosting.sites.update"]
[debug] [2020-03-27T16:08:26.762Z] > refreshing access token with scopes: ["email","https://www.googleapis.com/auth/cloud-platform","https://www.googleapis.com/auth/cloudplatformprojects.readonly","https://www.googleapis.com/auth/firebase","openid"]
[debug] [2020-03-27T16:08:26.762Z] >>> HTTP REQUEST POST https://www.googleapis.com/oauth2/v3/token  
 <request body omitted>
[debug] [2020-03-27T16:08:26.776Z] [iam] error while checking permissions, command may fail: FirebaseError: Authentication Error: Your credentials are no longer valid. Please run firebase login --reauth

For CI servers and headless environments, generate a new token with firebase login:ci
[debug] [2020-03-27T16:08:26.777Z] > refreshing access token with scopes: ["email","https://www.googleapis.com/auth/cloud-platform","https://www.googleapis.com/auth/cloudplatformprojects.readonly","https://www.googleapis.com/auth/firebase","openid"]
[debug] [2020-03-27T16:08:26.777Z] >>> HTTP REQUEST POST https://www.googleapis.com/oauth2/v3/token  
 <request body omitted>
[debug] [2020-03-27T16:08:26.779Z] Authentication Error: Your credentials are no longer valid. Please run firebase login --reauth

For CI servers and headless environments, generate a new token with firebase login:ci
[debug] [2020-03-27T16:08:26.784Z] FirebaseError: Authentication Error: Your credentials are no longer valid. Please run firebase login --reauth

For CI servers and headless environments, generate a new token with firebase login:ci
    at Object.<anonymous> (/usr/local/lib/node_modules/firebase-tools/lib/auth.js:23:32)
    at Module._compile (internal/modules/cjs/loader.js:1147:30)
    at Object.Module._extensions..js (internal/modules/cjs/loader.js:1167:10)
    at Module.load (internal/modules/cjs/loader.js:996:32)
    at Function.Module._load (internal/modules/cjs/loader.js:896:14)
    at Module.require (internal/modules/cjs/loader.js:1036:19)
    at require (internal/modules/cjs/helpers.js:72:18)
    at Object.<anonymous> (/usr/local/lib/node_modules/firebase-tools/lib/commands/login.js:8:12)
    at Module._compile (internal/modules/cjs/loader.js:1147:30)
    at Object.Module._extensions..js (internal/modules/cjs/loader.js:1167:10)
    at Module.load (internal/modules/cjs/loader.js:996:32)
    at Function.Module._load (internal/modules/cjs/loader.js:896:14)
    at Module.require (internal/modules/cjs/loader.js:1036:19)
    at require (internal/modules/cjs/helpers.js:72:18)
    at loadCommand (/usr/local/lib/node_modules/firebase-tools/lib/commands/index.js:5:19)
    at module.exports (/usr/local/lib/node_modules/firebase-tools/lib/commands/index.js:85:20)
[error] 
[error] Error: Failed to get Firebase project covid-53809. Please make sure the project exists and your account has permission to access it.
[debug] [2020-03-27T16:08:50.514Z] ----------------------------------------------------------------------
[debug] [2020-03-27T16:08:50.515Z] Command:       /usr/local/Cellar/node/13.11.0/bin/node /usr/local/bin/firebase deploy
[debug] [2020-03-27T16:08:50.516Z] CLI Version:   7.16.1
[debug] [2020-03-27T16:08:50.516Z] Platform:      darwin
[debug] [2020-03-27T16:08:50.516Z] Node Version:  v13.11.0
[debug] [2020-03-27T16:08:50.516Z] Time:          Fri Mar 27 2020 17:08:50 GMT+0100 (Central European Standard Time)
[debug] [2020-03-27T16:08:50.517Z] ----------------------------------------------------------------------
[debug] [2020-03-27T16:08:50.517Z] 
[debug] [2020-03-27T16:08:50.523Z] > command requires scopes: ["email","openid","https://www.googleapis.com/auth/cloudplatformprojects.readonly","https://www.googleapis.com/auth/firebase","https://www.googleapis.com/auth/cloud-platform"]
[debug] [2020-03-27T16:08:50.523Z] > authorizing via signed-in user
[debug] [2020-03-27T16:08:50.523Z] [iam] checking project covid-53809 for permissions ["firebase.projects.get","firebasehosting.sites.update"]
[debug] [2020-03-27T16:08:50.525Z] > refreshing access token with scopes: ["email","https://www.googleapis.com/auth/cloud-platform","https://www.googleapis.com/auth/cloudplatformprojects.readonly","https://www.googleapis.com/auth/firebase","openid"]
[debug] [2020-03-27T16:08:50.525Z] >>> HTTP REQUEST POST https://www.googleapis.com/oauth2/v3/token  
 <request body omitted>
[debug] [2020-03-27T16:08:50.539Z] [iam] error while checking permissions, command may fail: FirebaseError: Authentication Error: Your credentials are no longer valid. Please run firebase login --reauth

For CI servers and headless environments, generate a new token with firebase login:ci
[debug] [2020-03-27T16:08:50.539Z] > refreshing access token with scopes: ["email","https://www.googleapis.com/auth/cloud-platform","https://www.googleapis.com/auth/cloudplatformprojects.readonly","https://www.googleapis.com/auth/firebase","openid"]
[debug] [2020-03-27T16:08:50.540Z] >>> HTTP REQUEST POST https://www.googleapis.com/oauth2/v3/token  
 <request body omitted>
[debug] [2020-03-27T16:08:50.542Z] Authentication Error: Your credentials are no longer valid. Please run firebase login --reauth

For CI servers and headless environments, generate a new token with firebase login:ci
[debug] [2020-03-27T16:08:50.546Z] FirebaseError: Authentication Error: Your credentials are no longer valid. Please run firebase login --reauth

For CI servers and headless environments, generate a new token with firebase login:ci
    at Object.<anonymous> (/usr/local/lib/node_modules/firebase-tools/lib/auth.js:23:32)
    at Module._compile (internal/modules/cjs/loader.js:1147:30)
    at Object.Module._extensions..js (internal/modules/cjs/loader.js:1167:10)
    at Module.load (internal/modules/cjs/loader.js:996:32)
    at Function.Module._load (internal/modules/cjs/loader.js:896:14)
    at Module.require (internal/modules/cjs/loader.js:1036:19)
    at require (internal/modules/cjs/helpers.js:72:18)
    at Object.<anonymous> (/usr/local/lib/node_modules/firebase-tools/lib/commands/login.js:8:12)
    at Module._compile (internal/modules/cjs/loader.js:1147:30)
    at Object.Module._extensions..js (internal/modules/cjs/loader.js:1167:10)
    at Module.load (internal/modules/cjs/loader.js:996:32)
    at Function.Module._load (internal/modules/cjs/loader.js:896:14)
    at Module.require (internal/modules/cjs/loader.js:1036:19)
    at require (internal/modules/cjs/helpers.js:72:18)
    at loadCommand (/usr/local/lib/node_modules/firebase-tools/lib/commands/index.js:5:19)
    at module.exports (/usr/local/lib/node_modules/firebase-tools/lib/commands/index.js:85:20)
[error] 
[error] Error: Failed to get Firebase project covid-53809. Please make sure the project exists and your account has permission to access it.
